296.4219964847413
297.3505927352424
297.6540217545643
298.4745243176822
299.17142521749406
300.29409196097527
300.8178435532041
301.2378628260399
301.1290559433502
300.60002495009877
300.50755675467906
300.7918715657057
301.4888057623367
301.3844444116739
301.7537627492544
301.83038835301744
301.9292135584101
302.61285773520376
302.8808208960525
302.70805517307707
302.92545837768955
302.87022798551857
302.8175330679076
301.9513619773887
301.2691211082432
300.5370886707108
300.50298112775295
300.4266410734352
299.16759517033256
298.57006436234246
297.3758144167074
296.0389191756156
295.3962028643338
295.17177202435875
294.4765129287337
294.08898879987555
293.4574784643708
292.61664340908567
291.35380839568006
290.7880814843231
290.0741284568481
289.3446618365947
288.58772496417794
288.06777269709755
287.0953674304063
285.7234968753299
285.16486459590357
284.83811191622516
284.2716570465652
283.5112431633003
283.3962920246723
282.886755905374
282.1271137862033
281.77118376441547
281.3029950071631
280.72732915292255
280.2541257501841
280.0990152309239
279.593156807053
279.0679427427426
278.5807782313776
278.24726713243143
277.97361985147677
277.5000750750649
276.91319337775633
276.8346377653394
278.1177808051833
278.0471332945789
277.7505625556859
277.5800184931665
277.5576516689821
277.5413632836254
277.45194779156503
277.40358685496483
277.33914256736284
277.34455105518117
277.2930910306518
277.21945278064453
277.21050966128007
277.17706434696214
277.1614300968541
277.2438757965028
277.2755097972652
277.24808385271126
277.18578306495687
277.10362081118075
277.1935244553884
277.1748846246114
277.06159062562244
277.06933548602353
277.0744484791046
277.13414321106904
277.16714271356193
277.1718780828964
277.0925687683931
277.0897117060345
277.0850501199947
277.0709896999925
277.0975309645805
277.0779824044728
277.05264241054743
277.0942980286675
277.1642112539063
277.1622569302441
277.1689466733241
277.1027186201295
277.1010645955731
277.18773722274705
277.20457247311055
277.2140418521399
277.22268425701867
277.22268425701867
277.26814638540793
277.23756359243
277.2332802292442
277.28895878968325
277.29594599753284
277.3699394911664
277.37902768594455
277.33959327870946
277.38195687535267
277.4103458777268
277.3688128347045
277.3847358213257
277.46223466747085
277.44421361179377
277.5249238056527
277.5365591533243
277.54459101196693
277.5975804409445
277.69062521686493
277.87242276507635
277.87467198960996
277.83905712960274
277.819785712489
277.85592789549526
277.82166042265317
277.85210394500643
277.96717432099786
278.17470529626996
278.2044362215192
278.35558793265375
278.521393552931
278.30521315035884
278.24030381428685
277.3002283927416
277.14060811556766
276.99992478940015
277.0163954233275
276.7225596152218
276.7263991743469
276.84840918211296
276.39472076482696
276.7008011071405
281.4820894242947
281.5045144694249
281.75447349302783
281.6166868872179
281.41872716647697
281.4410092127063
281.7609063254399
281.6537472382239
281.6090670888753
281.3939261367712
281.62630381411464
281.2798132346744
281.31062309601225
280.4662784245788
280.43441003795044
279.81869129849065
279.3832493189239
278.57344932112005
278.6795501407785
277.9886088793328
277.6583632211835
277.0810651536237
276.69801529224355
276.3935901331047
275.8911319101552
275.596549930026
275.3891186424523
275.22528650785944
275.4760273901645
275.16903895605697
274.734113887106
274.33935797353854
274.2546717924783
274.1439706918003
273.9317889548418
273.9125468709554
273.9127750458772
273.89976877196034
275.5128551144816
275.88645007200574
276.1363642598828
276.5297603031785
276.83110073352185
277.024066343221
277.37331943309425
277.3376401909172
277.5937529316297
277.8304338980883
277.45307411044
277.29068682521597
277.2104345077941
277.35844738052117
277.3624283616414
277.7940634114895
277.7940634114895
277.92932255041626
277.6080870579962
277.0134623684079
276.7718675491905
276.7718675491905
276.7718675491905
276.7718675491905
276.7718675491905
276.70102698279476
276.5194387380388
276.83599236130163
276.7846635924758
276.0824906919428
275.1626034426432
275.01340876400917
275.29650681886005
275.2859119775898
275.6873984546023
275.60872022972467
275.8882624058757
276.24211904293907
276.09818603774517
275.9310753310205
276.0488332403043
275.8424973301491
275.83826783098823
275.8581308088151
275.9672383937388
275.64651276589734
275.69042118530945
275.773004480134
275.8167416963662
275.9089523737858
276.01917203943157
275.78735769912777
275.7943074104322
275.8223310998102
275.7853936185405
275.6213435131612
275.68868311920244
275.5471072853666
275.63653603976377
275.6237622799118
275.48094307955313
275.38223435799193
275.6264833671346
275.8167416963662
275.42149516695315
275.53546353721265
276.07683109356833
275.5697128979646
275.5349342642417
275.4556830659577
275.2653265487682
275.2257406808697
275.2089357803146
275.10778190859423
275.3550737986621
275.1621491654209
275.0294681181152
275.2501892218544
275.18433216058406
275.1948552086927
275.25079473091444
275.2049236478156
275.169493221905
275.16919037808964
275.16472339309774
275.1659347860244
275.0118179278847
274.9674223127775
275.27471127342346
275.20106286131966
275.08960661331184
275.2049236478156
275.2544277573024
275.24617769068715
275.23482398369094
275.31693857564716
275.29733925339707
275.26729434012555
275.28644172933764
275.29219325412527
275.3416816732742
275.3416816732742
275.37277764271954
275.4326142634528
275.4429765547369
275.3831421855739
275.39093424923533
275.4166540595055
275.38556304449463
275.23565660478414
275.3884377868226
275.25435206974174
275.3310885703489
275.2934040861374
275.32442983990114
275.382461315168
275.3624127097475
275.40265975476706
275.3297265704038
275.1908428709066
275.1329224211454
275.1520791610826
275.23701907023093
275.2769817232575
275.31754393790453
275.2292226490494
275.2094656802342
275.3509124735199
275.4415394719298
275.3809482637945
275.52298754671386
275.51240141476995
275.300290591928
275.1831208486451
275.46491004602865
275.3560573754159
275.2501892218544
274.40101433243035
274.2380352905118
273.9166539904672
273.8546603583733
273.6386759944581
273.22624934902086
273.6006822603579
273.44583558723286
273.5162243816626
273.5162243816626
273.7034587529601
273.651770808571
275.01810546459177
275.01810546459177
274.61973709112755
274.669801762043
274.669801762043
273.4487307217449
273.9788617150357
273.15372655948397
272.9295544030852
272.9358899082347
272.98748445060016
272.32792732292444
272.1816182870058
272.0502404581428
271.85634993503464
271.75801122812675
271.37788843848966
271.6367059143517
271.7376185465187
272.3384842434135
272.3200476155462
272.35431885688905
272.2160600209571
272.1919512647891
272.08898666919
272.0694611062893
271.9945618328915
271.96170073498706
271.9839149655729
271.8950471536152
271.7822351319772
271.77901562360057
