280.5833333333333
278.625
277.8333333333333
276.7916666666667
276.125
275.125
273.0416666666667
274.0
272.875
272.625
272.125
270.4166666666667
270.4166666666667
269.9166666666667
270.0833333333333
267.75
268.0833333333333
266.5416666666667
266.2083333333333
265.9166666666667
266.1666666666667
265.7083333333333
265.9583333333333
267.2083333333333
268.5833333333333
269.375
269.7083333333333
269.6666666666667
270.0833333333333
270.5
272.125
272.7916666666667
273.8333333333333
274.2916666666667
275.5
277.0
276.625
277.5833333333333
279.375
280.5416666666667
282.5
283.0833333333333
284.875
287.125
289.1666666666667
290.5
291.4166666666667
294.0
295.2916666666667
296.4583333333333
298.2916666666667
299.0833333333333
299.7083333333333
300.4166666666667
301.7083333333333
302.8333333333333
304.2916666666667
305.4583333333333
306.6666666666667
308.1666666666667
309.8333333333333
311.5416666666667
313.0
314.2916666666667
315.9166666666667
318.9166666666667
324.25
325.2916666666667
326.7916666666667
328.5
329.0
329.375
329.75
330.4166666666667
330.6666666666667
331.0
331.2083333333333
331.2916666666667
331.25
331.5416666666667
331.5416666666667
331.8333333333333
331.9583333333333
332.0833333333333
332.125
332.3333333333333
332.6666666666667
332.5
332.5416666666667
332.6666666666667
332.8333333333333
332.75
332.9583333333333
333.0833333333333
333.125
333.2083333333333
333.0416666666667
333.25
333.4583333333333
333.625
333.5833333333333
333.6666666666667
333.75
333.9166666666667
334.0416666666667
334.0
334.0833333333333
334.2916666666667
334.4583333333333
334.5416666666667
334.5833333333333
334.5833333333333
334.5416666666667
334.6666666666667
334.4583333333333
334.0
333.9583333333333
334.1666666666667
334.2083333333333
333.9166666666667
334.0833333333333
333.6666666666667
333.7916666666667
333.2916666666667
333.5416666666667
333.625
333.75
333.625
333.5
333.3333333333333
333.6666666666667
333.5
333.9166666666667
333.7083333333333
333.4166666666667
333.4166666666667
333.2083333333333
333.2083333333333
333.0
333.1666666666667
333.125
332.8333333333333
332.9166666666667
331.9583333333333
331.5
331.0833333333333
330.5833333333333
330.625
331.1666666666667
331.125
331.6666666666667
331.2083333333333
330.875
330.1666666666667
324.5
324.2916666666667
323.25
322.7083333333333
322.75
321.9583333333333
322.7916666666667
322.25
322.1666666666667
321.0416666666667
321.125
320.8333333333333
321.5
322.3333333333333
322.5416666666667
322.9166666666667
323.0833333333333
323.0833333333333
324.125
323.5833333333333
323.5833333333333
324.6666666666667
324.7916666666667
325.0
324.5833333333333
324.5416666666667
325.0
324.625
324.625
325.9166666666667
326.0833333333333
326.75
326.9583333333333
327.4166666666667
327.7916666666667
328.1666666666667
328.7083333333333
329.5833333333333
327.0833333333333
326.25
327.7916666666667
327.875
328.125
329.0833333333333
330.4583333333333
330.25
329.9583333333333
329.5
330.0416666666667
329.9583333333333
329.4583333333333
329.125
329.0833333333333
328.9583333333333
328.9583333333333
329.2083333333333
329.1666666666667
328.375
328.0
328.0
328.0
328.0
328.0
327.0416666666667
327.1666666666667
327.75
327.8333333333333
327.9583333333333
327.9583333333333
328.0416666666667
328.0
326.8333333333333
328.0416666666667
327.0833333333333
327.0833333333333
326.9583333333333
326.2916666666667
326.2916666666667
326.875
327.0833333333333
326.6666666666667
327.125
328.25
328.5833333333333
328.875
329.0833333333333
329.2916666666667
329.4166666666667
330.1666666666667
330.1666666666667
330.75
330.7083333333333
331.3333333333333
331.0416666666667
331.6666666666667
332.2916666666667
333.3333333333333
334.2083333333333
334.3333333333333
334.7083333333333
335.7083333333333
336.375
336.3333333333333
336.7083333333333
337.9166666666667
337.5833333333333
338.1666666666667
338.0
338.5
339.0416666666667
339.5416666666667
340.2083333333333
340.6666666666667
340.9583333333333
341.0416666666667
341.6666666666667
341.5
341.625
342.0833333333333
342.1666666666667
342.25
342.4166666666667
342.7916666666667
343.2083333333333
343.5
343.8333333333333
344.6666666666667
344.7083333333333
344.7916666666667
345.1666666666667
345.3333333333333
345.2916666666667
345.2916666666667
345.3333333333333
345.2916666666667
345.0
345.0416666666667
345.2916666666667
345.125
345.125
345.1666666666667
345.2083333333333
345.25
345.2083333333333
345.1666666666667
345.3333333333333
345.2916666666667
345.0
345.2916666666667
344.875
345.0416666666667
344.9583333333333
344.9583333333333
345.0833333333333
345.0416666666667
345.125
345.0416666666667
344.8333333333333
344.7083333333333
344.75
345.0
345.0833333333333
345.1666666666667
345.0416666666667
345.0
345.2916666666667
344.4583333333333
344.3333333333333
345.0
344.9166666666667
344.5833333333333
344.3333333333333
344.9166666666667
344.5416666666667
344.0833333333333
335.75
334.5
333.25
332.4583333333333
331.375
329.75
251.33333333333334
250.95833333333334
250.79166666666666
250.79166666666666
250.83333333333334
250.125
248.79166666666666
248.79166666666666
247.75
247.66666666666666
247.66666666666666
254.375
255.75
254.125
258.625
258.9166666666667
259.8333333333333
266.4166666666667
271.9166666666667
272.1666666666667
274.4583333333333
276.5
279.0416666666667
280.0833333333333
282.0
283.6666666666667
288.9583333333333
289.4583333333333
291.75
293.4583333333333
295.4166666666667
297.4583333333333
298.7916666666667
301.25
303.5833333333333
304.3333333333333
305.5
307.3333333333333
